<?xml version="1.0" encoding="UTF-8"?>
<!-- Generated by org.testng.reporters.JUnitXMLReporter -->
<testsuite hostname="user-PC" ignored="0" name="firefox" tests="3" failures="1" timestamp="16 Apr 2018 01:32:52 GMT" time="68.062" errors="0">
  <testcase name="f" time="12.212" classname="facebook.com.Testng"/>
  <testcase name="f" time="55.781" classname="facebook.com.Testng1">
    <failure type="org.openqa.selenium.WebDriverException" message="Failed to connect to binary FirefoxBinary(C:\Program Files\Mozilla Firefox\firefox.exe) on port 7055; process output follows: 
ger	DEBUG	Registering shutdown blocker for LightweightThemeManager
1523842335236	addons.manager	DEBUG	Provider finished startup: LightweightThemeManager
1523842335236	addons.manager	DEBUG	Starting provider: GMPProvider
1523842335272	addons.manager	DEBUG	Registering shutdown blocker for GMPProvider
1523842335272	addons.manager	DEBUG	Provider finished startup: GMPProvider
1523842335272	addons.manager	DEBUG	Starting provider: PluginProvider
1523842335272	addons.manager	DEBUG	Registering shutdown blocker for PluginProvider
1523842335272	addons.manager	DEBUG	Provider finished startup: PluginProvider
1523842335274	addons.manager	DEBUG	Completed startup sequence
1523842343866	addons.repository	DEBUG	No addons.json found.
1523842343908	addons.manager	DEBUG	Starting provider: PreviousExperimentProvider
1523842343908	addons.manager	DEBUG	Registering shutdown blocker for PreviousExperimentProvider
1523842343908	addons.manager	DEBUG	Provider finished startup: PreviousExperimentProvider
1523842344028	addons.xpi-utils	DEBUG	XPI Database saved, setting schema version preference to 24
1523842344966	addons.xpi	INFO	Mapping fxdriver@googlecode.com to C:\Users\user\AppData\Local\Temp\anonymous4013190935668001661webdriver-profile\extensions\fxdriver@googlecode.com
1523842344966	addons.xpi	DEBUG	Ignoring file entry whose name is not a valid add-on ID: C:\Users\user\AppData\Local\Temp\anonymous4013190935668001661webdriver-profile\extensions\webdriver-staging
1523842344966	addons.xpi	DEBUG	Existing add-on fxdriver@googlecode.com in app-profile
1523842344966	addons.xpi	INFO	Mapping activity-stream@mozilla.org to C:\Program Files\Mozilla Firefox\browser\features\activity-stream@mozilla.org.xpi
1523842344968	addons.xpi	INFO	Mapping aushelper@mozilla.org to C:\Program Files\Mozilla Firefox\browser\features\aushelper@mozilla.org.xpi
1523842344968	addons.xpi	INFO	Mapping firefox@getpocket.com to C:\Program Files\Mozilla Firefox\browser\features\firefox@getpocket.com.xpi
1523842344968	addons.xpi	INFO	Mapping followonsearch@mozilla.com to C:\Program Files\Mozilla Firefox\browser\features\followonsearch@mozilla.com.xpi
1523842344968	addons.xpi	INFO	Mapping formautofill@mozilla.org to C:\Program Files\Mozilla Firefox\browser\features\formautofill@mozilla.org.xpi
1523842344968	addons.xpi	INFO	Mapping onboarding@mozilla.org to C:\Program Files\Mozilla Firefox\browser\features\onboarding@mozilla.org.xpi
1523842344968	addons.xpi	INFO	Mapping screenshots@mozilla.org to C:\Program Files\Mozilla Firefox\browser\features\screenshots@mozilla.org.xpi
1523842344968	addons.xpi	INFO	Mapping shield-recipe-client@mozilla.org to C:\Program Files\Mozilla Firefox\browser\features\shield-recipe-client@mozilla.org.xpi
1523842344968	addons.xpi	INFO	Mapping webcompat@mozilla.org to C:\Program Files\Mozilla Firefox\browser\features\webcompat@mozilla.org.xpi
1523842344968	addons.xpi	DEBUG	Existing add-on activity-stream@mozilla.org in app-system-defaults
1523842344970	addons.xpi	DEBUG	Existing add-on aushelper@mozilla.org in app-system-defaults
1523842344970	addons.xpi	DEBUG	Existing add-on firefox@getpocket.com in app-system-defaults
1523842344970	addons.xpi	DEBUG	Existing add-on followonsearch@mozilla.com in app-system-defaults
1523842344970	addons.xpi	DEBUG	Existing add-on formautofill@mozilla.org in app-system-defaults
1523842344972	addons.xpi	DEBUG	Existing add-on onboarding@mozilla.org in app-system-defaults
1523842344972	addons.xpi	DEBUG	Existing add-on screenshots@mozilla.org in app-system-defaults
1523842344974	addons.xpi	DEBUG	Existing add-on shield-recipe-client@mozilla.org in app-system-defaults
1523842344974	addons.xpi	DEBUG	Existing add-on webcompat@mozilla.org in app-system-defaults
1523842344976	addons.xpi	INFO	Mapping {972ce4c6-7e08-4474-a285-3208198ce6fd} to C:\Program Files\Mozilla Firefox\browser\extensions\{972ce4c6-7e08-4474-a285-3208198ce6fd}.xpi
1523842344976	addons.xpi	DEBUG	Existing add-on {972ce4c6-7e08-4474-a285-3208198ce6fd} in app-global
1523842344976	addons.xpi	DEBUG	getInstallState changed: false, state: {}

Build info: version: &amp;apos;2.47.1&amp;apos;, revision: &amp;apos;unknown&amp;apos;, time: &amp;apos;2015-07-30 11:02:44&amp;apos;
System info: host: &amp;apos;user-PC&amp;apos;, ip: &amp;apos;192.168.0.26&amp;apos;, os.name: &amp;apos;Windows 7&amp;apos;, os.arch: &amp;apos;amd64&amp;apos;, os.version: &amp;apos;6.1&amp;apos;, java.version: &amp;apos;1.8.0_151&amp;apos;
Driver info: driver.version: FirefoxDriver">
      <![CDATA[org.openqa.selenium.WebDriverException: Failed to connect to binary FirefoxBinary(C:\Program Files\Mozilla Firefox\firefox.exe) on port 7055; process output follows: gerDEBUGRegistering shutdown blocker for LightweightThemeManager1523842335236addons.managerDEBUGProvider finished startup: LightweightThemeManager1523842335236addons.managerDEBUGStarting provider: GMPProvider1523842335272addons.managerDEBUGRegistering shutdown blocker for GMPProvider1523842335272addons.managerDEBUGProvider finished startup: GMPProvider1523842335272addons.managerDEBUGStarting provider: PluginProvider1523842335272addons.managerDEBUGRegistering shutdown blocker for PluginProvider1523842335272addons.managerDEBUGProvider finished startup: PluginProvider1523842335274addons.managerDEBUGCompleted startup sequence1523842343866addons.repositoryDEBUGNo addons.json found.1523842343908addons.managerDEBUGStarting provider: PreviousExperimentProvider1523842343908addons.managerDEBUGRegistering shutdown blocker for PreviousExperimentProvider1523842343908addons.managerDEBUGProvider finished startup: PreviousExperimentProvider1523842344028addons.xpi-utilsDEBUGXPI Database saved, setting schema version preference to 241523842344966addons.xpiINFOMapping fxdriver@googlecode.com to C:\Users\user\AppData\Local\Temp\anonymous4013190935668001661webdriver-profile\extensions\fxdriver@googlecode.com1523842344966addons.xpiDEBUGIgnoring file entry whose name is not a valid add-on ID: C:\Users\user\AppData\Local\Temp\anonymous4013190935668001661webdriver-profile\extensions\webdriver-staging1523842344966addons.xpiDEBUGExisting add-on fxdriver@googlecode.com in app-profile1523842344966addons.xpiINFOMapping activity-stream@mozilla.org to C:\Program Files\Mozilla Firefox\browser\features\activity-stream@mozilla.org.xpi1523842344968addons.xpiINFOMapping aushelper@mozilla.org to C:\Program Files\Mozilla Firefox\browser\features\aushelper@mozilla.org.xpi1523842344968addons.xpiINFOMapping firefox@getpocket.com to C:\Program Files\Mozilla Firefox\browser\features\firefox@getpocket.com.xpi1523842344968addons.xpiINFOMapping followonsearch@mozilla.com to C:\Program Files\Mozilla Firefox\browser\features\followonsearch@mozilla.com.xpi1523842344968addons.xpiINFOMapping formautofill@mozilla.org to C:\Program Files\Mozilla Firefox\browser\features\formautofill@mozilla.org.xpi1523842344968addons.xpiINFOMapping onboarding@mozilla.org to C:\Program Files\Mozilla Firefox\browser\features\onboarding@mozilla.org.xpi1523842344968addons.xpiINFOMapping screenshots@mozilla.org to C:\Program Files\Mozilla Firefox\browser\features\screenshots@mozilla.org.xpi1523842344968addons.xpiINFOMapping shield-recipe-client@mozilla.org to C:\Program Files\Mozilla Firefox\browser\features\shield-recipe-client@mozilla.org.xpi1523842344968addons.xpiINFOMapping webcompat@mozilla.org to C:\Program Files\Mozilla Firefox\browser\features\webcompat@mozilla.org.xpi1523842344968addons.xpiDEBUGExisting add-on activity-stream@mozilla.org in app-system-defaults1523842344970addons.xpiDEBUGExisting add-on aushelper@mozilla.org in app-system-defaults1523842344970addons.xpiDEBUGExisting add-on firefox@getpocket.com in app-system-defaults1523842344970addons.xpiDEBUGExisting add-on followonsearch@mozilla.com in app-system-defaults1523842344970addons.xpiDEBUGExisting add-on formautofill@mozilla.org in app-system-defaults1523842344972addons.xpiDEBUGExisting add-on onboarding@mozilla.org in app-system-defaults1523842344972addons.xpiDEBUGExisting add-on screenshots@mozilla.org in app-system-defaults1523842344974addons.xpiDEBUGExisting add-on shield-recipe-client@mozilla.org in app-system-defaults1523842344974addons.xpiDEBUGExisting add-on webcompat@mozilla.org in app-system-defaults1523842344976addons.xpiINFOMapping {972ce4c6-7e08-4474-a285-3208198ce6fd} to C:\Program Files\Mozilla Firefox\browser\extensions\{972ce4c6-7e08-4474-a285-3208198ce6fd}.xpi1523842344976addons.xpiDEBUGExisting add-on {972ce4c6-7e08-4474-a285-3208198ce6fd} in app-global1523842344976addons.xpiDEBUGgetInstallState changed: false, state: {}Build info: version: '2.47.1', revision: 'unknown', time: '2015-07-30 11:02:44'System info: host: 'user-PC', ip: '192.168.0.26', os.name: 'Windows 7', os.arch: 'amd64', os.version: '6.1', java.version: '1.8.0_151'Driver info: driver.version: FirefoxDriverat org.openqa.selenium.firefox.internal.NewProfileExtensionConnection.start(NewProfileExtensionConnection.java:134)at org.openqa.selenium.firefox.FirefoxDriver.startClient(FirefoxDriver.java:276)at org.openqa.selenium.remote.RemoteWebDriver.<init>(RemoteWebDriver.java:116)at org.openqa.selenium.firefox.FirefoxDriver.<init>(FirefoxDriver.java:221)at org.openqa.selenium.firefox.FirefoxDriver.<init>(FirefoxDriver.java:216)at org.openqa.selenium.firefox.FirefoxDriver.<init>(FirefoxDriver.java:212)at org.openqa.selenium.firefox.FirefoxDriver.<init>(FirefoxDriver.java:125)at facebook.com.Testng1.f(Testng1.java:26)Caused by: org.openqa.selenium.firefox.NotConnectedException: Unable to connect to host 127.0.0.1 on port 7055 after 45000 ms. Firefox console output:gerDEBUGRegistering shutdown blocker for LightweightThemeManager1523842335236addons.managerDEBUGProvider finished startup: LightweightThemeManager1523842335236addons.managerDEBUGStarting provider: GMPProvider1523842335272addons.managerDEBUGRegistering shutdown blocker for GMPProvider1523842335272addons.managerDEBUGProvider finished startup: GMPProvider1523842335272addons.managerDEBUGStarting provider: PluginProvider1523842335272addons.managerDEBUGRegistering shutdown blocker for PluginProvider1523842335272addons.managerDEBUGProvider finished startup: PluginProvider1523842335274addons.managerDEBUGCompleted startup sequence1523842343866addons.repositoryDEBUGNo addons.json found.1523842343908addons.managerDEBUGStarting provider: PreviousExperimentProvider1523842343908addons.managerDEBUGRegistering shutdown blocker for PreviousExperimentProvider1523842343908addons.managerDEBUGProvider finished startup: PreviousExperimentProvider1523842344028addons.xpi-utilsDEBUGXPI Database saved, setting schema version preference to 241523842344966addons.xpiINFOMapping fxdriver@googlecode.com to C:\Users\user\AppData\Local\Temp\anonymous4013190935668001661webdriver-profile\extensions\fxdriver@googlecode.com1523842344966addons.xpiDEBUGIgnoring file entry whose name is not a valid add-on ID: C:\Users\user\AppData\Local\Temp\anonymous4013190935668001661webdriver-profile\extensions\webdriver-staging1523842344966addons.xpiDEBUGExisting add-on fxdriver@googlecode.com in app-profile1523842344966addons.xpiINFOMapping activity-stream@mozilla.org to C:\Program Files\Mozilla Firefox\browser\features\activity-stream@mozilla.org.xpi1523842344968addons.xpiINFOMapping aushelper@mozilla.org to C:\Program Files\Mozilla Firefox\browser\features\aushelper@mozilla.org.xpi1523842344968addons.xpiINFOMapping firefox@getpocket.com to C:\Program Files\Mozilla Firefox\browser\features\firefox@getpocket.com.xpi1523842344968addons.xpiINFOMapping followonsearch@mozilla.com to C:\Program Files\Mozilla Firefox\browser\features\followonsearch@mozilla.com.xpi1523842344968addons.xpiINFOMapping formautofill@mozilla.org to C:\Program Files\Mozilla Firefox\browser\features\formautofill@mozilla.org.xpi1523842344968addons.xpiINFOMapping onboarding@mozilla.org to C:\Program Files\Mozilla Firefox\browser\features\onboarding@mozilla.org.xpi1523842344968addons.xpiINFOMapping screenshots@mozilla.org to C:\Program Files\Mozilla Firefox\browser\features\screenshots@mozilla.org.xpi1523842344968addons.xpiINFOMapping shield-recipe-client@mozilla.org to C:\Program Files\Mozilla Firefox\browser\features\shield-recipe-client@mozilla.org.xpi1523842344968addons.xpiINFOMapping webcompat@mozilla.org to C:\Program Files\Mozilla Firefox\browser\features\webcompat@mozilla.org.xpi1523842344968addons.xpiDEBUGExisting add-on activity-stream@mozilla.org in app-system-defaults1523842344970addons.xpiDEBUGExisting add-on aushelper@mozilla.org in app-system-defaults1523842344970addons.xpiDEBUGExisting add-on firefox@getpocket.com in app-system-defaults1523842344970addons.xpiDEBUGExisting add-on followonsearch@mozilla.com in app-system-defaults1523842344970addons.xpiDEBUGExisting add-on formautofill@mozilla.org in app-system-defaults1523842344972addons.xpiDEBUGExisting add-on onboarding@mozilla.org in app-system-defaults1523842344972addons.xpiDEBUGExisting add-on screenshots@mozilla.org in app-system-defaults1523842344974addons.xpiDEBUGExisting add-on shield-recipe-client@mozilla.org in app-system-defaults1523842344974addons.xpiDEBUGExisting add-on webcompat@mozilla.org in app-system-defaults1523842344976addons.xpiINFOMapping {972ce4c6-7e08-4474-a285-3208198ce6fd} to C:\Program Files\Mozilla Firefox\browser\extensions\{972ce4c6-7e08-4474-a285-3208198ce6fd}.xpi1523842344976addons.xpiDEBUGExisting add-on {972ce4c6-7e08-4474-a285-3208198ce6fd} in app-global1523842344976addons.xpiDEBUGgetInstallState changed: false, state: {}at org.openqa.selenium.firefox.internal.NewProfileExtensionConnection.start(NewProfileExtensionConnection.java:122)... 32 more... Removed 25 stack frames]]>
    </failure>
  </testcase> <!-- f -->
  <testcase name="sai1" time="0.0" classname="facebook.com.Testng1"/>
</testsuite> <!-- firefox -->
