<?xml version="1.0" encoding="UTF-8"?>
<testng-results skipped="0" failed="1" ignored="0" total="6" passed="5">
  <reporter-output>
  </reporter-output>
  <suite name="suite" duration-ms="92839" started-at="2018-04-16T01:31:19Z" finished-at="2018-04-16T01:32:52Z">
    <groups>
    </groups>
    <test name="chrome" duration-ms="24687" started-at="2018-04-16T01:31:19Z" finished-at="2018-04-16T01:31:44Z">
      <class name="facebook.com.Testng1">
        <test-method status="PASS" signature="f()[pri:0, instance:facebook.com.Testng1@5bfbf16f]" name="f" duration-ms="11510" started-at="2018-04-15T21:31:19Z" finished-at="2018-04-15T21:31:31Z">
          <reporter-output>
          </reporter-output>
        </test-method> <!-- f -->
        <test-method status="PASS" signature="f(java.lang.String)[pri:0, instance:facebook.com.Testng1@5bfbf16f]" name="f" duration-ms="13116" started-at="2018-04-15T21:31:31Z" finished-at="2018-04-15T21:31:44Z">
          <params>
            <param index="0">
              <value>
                <![CDATA[chrome]]>
              </value>
            </param>
          </params>
          <reporter-output>
          </reporter-output>
        </test-method> <!-- f -->
        <test-method status="PASS" signature="sai1()[pri:0, instance:facebook.com.Testng1@5bfbf16f]" name="sai1" duration-ms="3" started-at="2018-04-15T21:31:44Z" finished-at="2018-04-15T21:31:44Z">
          <reporter-output>
          </reporter-output>
        </test-method> <!-- sai1 -->
      </class> <!-- facebook.com.Testng1 -->
    </test> <!-- chrome -->
    <test name="firefox" duration-ms="68062" started-at="2018-04-16T01:31:44Z" finished-at="2018-04-16T01:32:52Z">
      <class name="facebook.com.Testng1">
        <test-method status="PASS" signature="f()[pri:0, instance:facebook.com.Testng1@4a87761d]" name="f" duration-ms="12212" started-at="2018-04-15T21:31:44Z" finished-at="2018-04-15T21:31:56Z">
          <reporter-output>
          </reporter-output>
        </test-method> <!-- f -->
        <test-method status="FAIL" signature="f(java.lang.String)[pri:0, instance:facebook.com.Testng1@4a87761d]" name="f" duration-ms="55781" started-at="2018-04-15T21:31:56Z" finished-at="2018-04-15T21:32:52Z">
          <params>
            <param index="0">
              <value>
                <![CDATA[firefox]]>
              </value>
            </param>
          </params>
          <exception class="org.openqa.selenium.WebDriverException">
            <message>
              <![CDATA[Failed to connect to binary FirefoxBinary(C:\Program Files\Mozilla Firefox\firefox.exe) on port 7055; process output follows: gerDEBUGRegistering shutdown blocker for LightweightThemeManager1523842335236addons.managerDEBUGProvider finished startup: LightweightThemeManager1523842335236addons.managerDEBUGStarting provider: GMPProvider1523842335272addons.managerDEBUGRegistering shutdown blocker for GMPProvider1523842335272addons.managerDEBUGProvider finished startup: GMPProvider1523842335272addons.managerDEBUGStarting provider: PluginProvider1523842335272addons.managerDEBUGRegistering shutdown blocker for PluginProvider1523842335272addons.managerDEBUGProvider finished startup: PluginProvider1523842335274addons.managerDEBUGCompleted startup sequence1523842343866addons.repositoryDEBUGNo addons.json found.1523842343908addons.managerDEBUGStarting provider: PreviousExperimentProvider1523842343908addons.managerDEBUGRegistering shutdown blocker for PreviousExperimentProvider1523842343908addons.managerDEBUGProvider finished startup: PreviousExperimentProvider1523842344028addons.xpi-utilsDEBUGXPI Database saved, setting schema version preference to 241523842344966addons.xpiINFOMapping fxdriver@googlecode.com to C:\Users\user\AppData\Local\Temp\anonymous4013190935668001661webdriver-profile\extensions\fxdriver@googlecode.com1523842344966addons.xpiDEBUGIgnoring file entry whose name is not a valid add-on ID: C:\Users\user\AppData\Local\Temp\anonymous4013190935668001661webdriver-profile\extensions\webdriver-staging1523842344966addons.xpiDEBUGExisting add-on fxdriver@googlecode.com in app-profile1523842344966addons.xpiINFOMapping activity-stream@mozilla.org to C:\Program Files\Mozilla Firefox\browser\features\activity-stream@mozilla.org.xpi1523842344968addons.xpiINFOMapping aushelper@mozilla.org to C:\Program Files\Mozilla Firefox\browser\features\aushelper@mozilla.org.xpi1523842344968addons.xpiINFOMapping firefox@getpocket.com to C:\Program Files\Mozilla Firefox\browser\features\firefox@getpocket.com.xpi1523842344968addons.xpiINFOMapping followonsearch@mozilla.com to C:\Program Files\Mozilla Firefox\browser\features\followonsearch@mozilla.com.xpi1523842344968addons.xpiINFOMapping formautofill@mozilla.org to C:\Program Files\Mozilla Firefox\browser\features\formautofill@mozilla.org.xpi1523842344968addons.xpiINFOMapping onboarding@mozilla.org to C:\Program Files\Mozilla Firefox\browser\features\onboarding@mozilla.org.xpi1523842344968addons.xpiINFOMapping screenshots@mozilla.org to C:\Program Files\Mozilla Firefox\browser\features\screenshots@mozilla.org.xpi1523842344968addons.xpiINFOMapping shield-recipe-client@mozilla.org to C:\Program Files\Mozilla Firefox\browser\features\shield-recipe-client@mozilla.org.xpi1523842344968addons.xpiINFOMapping webcompat@mozilla.org to C:\Program Files\Mozilla Firefox\browser\features\webcompat@mozilla.org.xpi1523842344968addons.xpiDEBUGExisting add-on activity-stream@mozilla.org in app-system-defaults1523842344970addons.xpiDEBUGExisting add-on aushelper@mozilla.org in app-system-defaults1523842344970addons.xpiDEBUGExisting add-on firefox@getpocket.com in app-system-defaults1523842344970addons.xpiDEBUGExisting add-on followonsearch@mozilla.com in app-system-defaults1523842344970addons.xpiDEBUGExisting add-on formautofill@mozilla.org in app-system-defaults1523842344972addons.xpiDEBUGExisting add-on onboarding@mozilla.org in app-system-defaults1523842344972addons.xpiDEBUGExisting add-on screenshots@mozilla.org in app-system-defaults1523842344974addons.xpiDEBUGExisting add-on shield-recipe-client@mozilla.org in app-system-defaults1523842344974addons.xpiDEBUGExisting add-on webcompat@mozilla.org in app-system-defaults1523842344976addons.xpiINFOMapping {972ce4c6-7e08-4474-a285-3208198ce6fd} to C:\Program Files\Mozilla Firefox\browser\extensions\{972ce4c6-7e08-4474-a285-3208198ce6fd}.xpi1523842344976addons.xpiDEBUGExisting add-on {972ce4c6-7e08-4474-a285-3208198ce6fd} in app-global1523842344976addons.xpiDEBUGgetInstallState changed: false, state: {}Build info: version: '2.47.1', revision: 'unknown', time: '2015-07-30 11:02:44'System info: host: 'user-PC', ip: '192.168.0.26', os.name: 'Windows 7', os.arch: 'amd64', os.version: '6.1', java.version: '1.8.0_151'Driver info: driver.version: FirefoxDriver]]>
            </message>
            <full-stacktrace>
              <![CDATA[org.openqa.selenium.WebDriverException: Failed to connect to binary FirefoxBinary(C:\Program Files\Mozilla Firefox\firefox.exe) on port 7055; process output follows: gerDEBUGRegistering shutdown blocker for LightweightThemeManager1523842335236addons.managerDEBUGProvider finished startup: LightweightThemeManager1523842335236addons.managerDEBUGStarting provider: GMPProvider1523842335272addons.managerDEBUGRegistering shutdown blocker for GMPProvider1523842335272addons.managerDEBUGProvider finished startup: GMPProvider1523842335272addons.managerDEBUGStarting provider: PluginProvider1523842335272addons.managerDEBUGRegistering shutdown blocker for PluginProvider1523842335272addons.managerDEBUGProvider finished startup: PluginProvider1523842335274addons.managerDEBUGCompleted startup sequence1523842343866addons.repositoryDEBUGNo addons.json found.1523842343908addons.managerDEBUGStarting provider: PreviousExperimentProvider1523842343908addons.managerDEBUGRegistering shutdown blocker for PreviousExperimentProvider1523842343908addons.managerDEBUGProvider finished startup: PreviousExperimentProvider1523842344028addons.xpi-utilsDEBUGXPI Database saved, setting schema version preference to 241523842344966addons.xpiINFOMapping fxdriver@googlecode.com to C:\Users\user\AppData\Local\Temp\anonymous4013190935668001661webdriver-profile\extensions\fxdriver@googlecode.com1523842344966addons.xpiDEBUGIgnoring file entry whose name is not a valid add-on ID: C:\Users\user\AppData\Local\Temp\anonymous4013190935668001661webdriver-profile\extensions\webdriver-staging1523842344966addons.xpiDEBUGExisting add-on fxdriver@googlecode.com in app-profile1523842344966addons.xpiINFOMapping activity-stream@mozilla.org to C:\Program Files\Mozilla Firefox\browser\features\activity-stream@mozilla.org.xpi1523842344968addons.xpiINFOMapping aushelper@mozilla.org to C:\Program Files\Mozilla Firefox\browser\features\aushelper@mozilla.org.xpi1523842344968addons.xpiINFOMapping firefox@getpocket.com to C:\Program Files\Mozilla Firefox\browser\features\firefox@getpocket.com.xpi1523842344968addons.xpiINFOMapping followonsearch@mozilla.com to C:\Program Files\Mozilla Firefox\browser\features\followonsearch@mozilla.com.xpi1523842344968addons.xpiINFOMapping formautofill@mozilla.org to C:\Program Files\Mozilla Firefox\browser\features\formautofill@mozilla.org.xpi1523842344968addons.xpiINFOMapping onboarding@mozilla.org to C:\Program Files\Mozilla Firefox\browser\features\onboarding@mozilla.org.xpi1523842344968addons.xpiINFOMapping screenshots@mozilla.org to C:\Program Files\Mozilla Firefox\browser\features\screenshots@mozilla.org.xpi1523842344968addons.xpiINFOMapping shield-recipe-client@mozilla.org to C:\Program Files\Mozilla Firefox\browser\features\shield-recipe-client@mozilla.org.xpi1523842344968addons.xpiINFOMapping webcompat@mozilla.org to C:\Program Files\Mozilla Firefox\browser\features\webcompat@mozilla.org.xpi1523842344968addons.xpiDEBUGExisting add-on activity-stream@mozilla.org in app-system-defaults1523842344970addons.xpiDEBUGExisting add-on aushelper@mozilla.org in app-system-defaults1523842344970addons.xpiDEBUGExisting add-on firefox@getpocket.com in app-system-defaults1523842344970addons.xpiDEBUGExisting add-on followonsearch@mozilla.com in app-system-defaults1523842344970addons.xpiDEBUGExisting add-on formautofill@mozilla.org in app-system-defaults1523842344972addons.xpiDEBUGExisting add-on onboarding@mozilla.org in app-system-defaults1523842344972addons.xpiDEBUGExisting add-on screenshots@mozilla.org in app-system-defaults1523842344974addons.xpiDEBUGExisting add-on shield-recipe-client@mozilla.org in app-system-defaults1523842344974addons.xpiDEBUGExisting add-on webcompat@mozilla.org in app-system-defaults1523842344976addons.xpiINFOMapping {972ce4c6-7e08-4474-a285-3208198ce6fd} to C:\Program Files\Mozilla Firefox\browser\extensions\{972ce4c6-7e08-4474-a285-3208198ce6fd}.xpi1523842344976addons.xpiDEBUGExisting add-on {972ce4c6-7e08-4474-a285-3208198ce6fd} in app-global1523842344976addons.xpiDEBUGgetInstallState changed: false, state: {}Build info: version: '2.47.1', revision: 'unknown', time: '2015-07-30 11:02:44'System info: host: 'user-PC', ip: '192.168.0.26', os.name: 'Windows 7', os.arch: 'amd64', os.version: '6.1', java.version: '1.8.0_151'Driver info: driver.version: FirefoxDriverat org.openqa.selenium.firefox.internal.NewProfileExtensionConnection.start(NewProfileExtensionConnection.java:134)at org.openqa.selenium.firefox.FirefoxDriver.startClient(FirefoxDriver.java:276)at org.openqa.selenium.remote.RemoteWebDriver.<init>(RemoteWebDriver.java:116)at org.openqa.selenium.firefox.FirefoxDriver.<init>(FirefoxDriver.java:221)at org.openqa.selenium.firefox.FirefoxDriver.<init>(FirefoxDriver.java:216)at org.openqa.selenium.firefox.FirefoxDriver.<init>(FirefoxDriver.java:212)at org.openqa.selenium.firefox.FirefoxDriver.<init>(FirefoxDriver.java:125)at facebook.com.Testng1.f(Testng1.java:26)at sun.reflect.NativeMethodAccessorImpl.invoke0(Native Method)at sun.reflect.NativeMethodAccessorImpl.invoke(NativeMethodAccessorImpl.java:62)at sun.reflect.DelegatingMethodAccessorImpl.invoke(DelegatingMethodAccessorImpl.java:43)at java.lang.reflect.Method.invoke(Method.java:498)at org.testng.internal.MethodInvocationHelper.invokeMethod(MethodInvocationHelper.java:124)at org.testng.internal.Invoker.invokeMethod(Invoker.java:571)at org.testng.internal.Invoker.invokeTestMethod(Invoker.java:707)at org.testng.internal.Invoker.invokeTestMethods(Invoker.java:979)at org.testng.internal.TestMethodWorker.invokeTestMethods(TestMethodWorker.java:125)at org.testng.internal.TestMethodWorker.run(TestMethodWorker.java:109)at org.testng.TestRunner.privateRun(TestRunner.java:648)at org.testng.TestRunner.run(TestRunner.java:505)at org.testng.SuiteRunner.runTest(SuiteRunner.java:455)at org.testng.SuiteRunner.runSequentially(SuiteRunner.java:450)at org.testng.SuiteRunner.privateRun(SuiteRunner.java:415)at org.testng.SuiteRunner.run(SuiteRunner.java:364)at org.testng.SuiteRunnerWorker.runSuite(SuiteRunnerWorker.java:52)at org.testng.SuiteRunnerWorker.run(SuiteRunnerWorker.java:84)at org.testng.TestNG.runSuitesSequentially(TestNG.java:1187)at org.testng.TestNG.runSuitesLocally(TestNG.java:1116)at org.testng.TestNG.runSuites(TestNG.java:1028)at org.testng.TestNG.run(TestNG.java:996)at org.testng.remote.AbstractRemoteTestNG.run(AbstractRemoteTestNG.java:114)at org.testng.remote.RemoteTestNG.initAndRun(RemoteTestNG.java:251)at org.testng.remote.RemoteTestNG.main(RemoteTestNG.java:77)Caused by: org.openqa.selenium.firefox.NotConnectedException: Unable to connect to host 127.0.0.1 on port 7055 after 45000 ms. Firefox console output:gerDEBUGRegistering shutdown blocker for LightweightThemeManager1523842335236addons.managerDEBUGProvider finished startup: LightweightThemeManager1523842335236addons.managerDEBUGStarting provider: GMPProvider1523842335272addons.managerDEBUGRegistering shutdown blocker for GMPProvider1523842335272addons.managerDEBUGProvider finished startup: GMPProvider1523842335272addons.managerDEBUGStarting provider: PluginProvider1523842335272addons.managerDEBUGRegistering shutdown blocker for PluginProvider1523842335272addons.managerDEBUGProvider finished startup: PluginProvider1523842335274addons.managerDEBUGCompleted startup sequence1523842343866addons.repositoryDEBUGNo addons.json found.1523842343908addons.managerDEBUGStarting provider: PreviousExperimentProvider1523842343908addons.managerDEBUGRegistering shutdown blocker for PreviousExperimentProvider1523842343908addons.managerDEBUGProvider finished startup: PreviousExperimentProvider1523842344028addons.xpi-utilsDEBUGXPI Database saved, setting schema version preference to 241523842344966addons.xpiINFOMapping fxdriver@googlecode.com to C:\Users\user\AppData\Local\Temp\anonymous4013190935668001661webdriver-profile\extensions\fxdriver@googlecode.com1523842344966addons.xpiDEBUGIgnoring file entry whose name is not a valid add-on ID: C:\Users\user\AppData\Local\Temp\anonymous4013190935668001661webdriver-profile\extensions\webdriver-staging1523842344966addons.xpiDEBUGExisting add-on fxdriver@googlecode.com in app-profile1523842344966addons.xpiINFOMapping activity-stream@mozilla.org to C:\Program Files\Mozilla Firefox\browser\features\activity-stream@mozilla.org.xpi1523842344968addons.xpiINFOMapping aushelper@mozilla.org to C:\Program Files\Mozilla Firefox\browser\features\aushelper@mozilla.org.xpi1523842344968addons.xpiINFOMapping firefox@getpocket.com to C:\Program Files\Mozilla Firefox\browser\features\firefox@getpocket.com.xpi1523842344968addons.xpiINFOMapping followonsearch@mozilla.com to C:\Program Files\Mozilla Firefox\browser\features\followonsearch@mozilla.com.xpi1523842344968addons.xpiINFOMapping formautofill@mozilla.org to C:\Program Files\Mozilla Firefox\browser\features\formautofill@mozilla.org.xpi1523842344968addons.xpiINFOMapping onboarding@mozilla.org to C:\Program Files\Mozilla Firefox\browser\features\onboarding@mozilla.org.xpi1523842344968addons.xpiINFOMapping screenshots@mozilla.org to C:\Program Files\Mozilla Firefox\browser\features\screenshots@mozilla.org.xpi1523842344968addons.xpiINFOMapping shield-recipe-client@mozilla.org to C:\Program Files\Mozilla Firefox\browser\features\shield-recipe-client@mozilla.org.xpi1523842344968addons.xpiINFOMapping webcompat@mozilla.org to C:\Program Files\Mozilla Firefox\browser\features\webcompat@mozilla.org.xpi1523842344968addons.xpiDEBUGExisting add-on activity-stream@mozilla.org in app-system-defaults1523842344970addons.xpiDEBUGExisting add-on aushelper@mozilla.org in app-system-defaults1523842344970addons.xpiDEBUGExisting add-on firefox@getpocket.com in app-system-defaults1523842344970addons.xpiDEBUGExisting add-on followonsearch@mozilla.com in app-system-defaults1523842344970addons.xpiDEBUGExisting add-on formautofill@mozilla.org in app-system-defaults1523842344972addons.xpiDEBUGExisting add-on onboarding@mozilla.org in app-system-defaults1523842344972addons.xpiDEBUGExisting add-on screenshots@mozilla.org in app-system-defaults1523842344974addons.xpiDEBUGExisting add-on shield-recipe-client@mozilla.org in app-system-defaults1523842344974addons.xpiDEBUGExisting add-on webcompat@mozilla.org in app-system-defaults1523842344976addons.xpiINFOMapping {972ce4c6-7e08-4474-a285-3208198ce6fd} to C:\Program Files\Mozilla Firefox\browser\extensions\{972ce4c6-7e08-4474-a285-3208198ce6fd}.xpi1523842344976addons.xpiDEBUGExisting add-on {972ce4c6-7e08-4474-a285-3208198ce6fd} in app-global1523842344976addons.xpiDEBUGgetInstallState changed: false, state: {}at org.openqa.selenium.firefox.internal.NewProfileExtensionConnection.start(NewProfileExtensionConnection.java:122)... 32 more]]>
            </full-stacktrace>
          </exception> <!-- org.openqa.selenium.WebDriverException -->
          <reporter-output>
          </reporter-output>
        </test-method> <!-- f -->
        <test-method status="PASS" signature="sai1()[pri:0, instance:facebook.com.Testng1@4a87761d]" name="sai1" duration-ms="0" started-at="2018-04-15T21:32:52Z" finished-at="2018-04-15T21:32:52Z">
          <reporter-output>
          </reporter-output>
        </test-method> <!-- sai1 -->
      </class> <!-- facebook.com.Testng1 -->
    </test> <!-- firefox -->
  </suite> <!-- suite -->
</testng-results>
