<?xml version="1.0" encoding="UTF-8"?>
<testng-results skipped="0" failed="0" ignored="0" total="1" passed="1">
  <reporter-output>
  </reporter-output>
  <suite name="Suite" duration-ms="86" started-at="2017-12-16T20:47:35Z" finished-at="2017-12-16T20:47:35Z">
    <groups>
    </groups>
    <test name="Test" duration-ms="86" started-at="2017-12-16T20:47:35Z" finished-at="2017-12-16T20:47:35Z">
      <class name="facebook.com.TV">
        <test-method status="PASS" signature="sailesh()[pri:0, instance:facebook.com.TV@5bb21b69]" name="sailesh" duration-ms="33" started-at="2017-12-16T15:47:35Z" finished-at="2017-12-16T15:47:35Z">
          <reporter-output>
          </reporter-output>
        </test-method> <!-- sailesh -->
      </class> <!-- facebook.com.TV -->
    </test> <!-- Test -->
  </suite> <!-- Suite -->
</testng-results>
